DRStudy/Library/Bee/Android/Prj/IL2CPP/Gradle/unityLibrary/build/intermediates/manifest_merge_blame_file/release/manifest-merger-blame-release-report.txt
1<?xml version="1.0" encoding="utf-8"?>
2<manifest xmlns:android="http://schemas.android.com/apk/res/android"
3    xmlns:tools="http://schemas.android.com/tools"
4    package="com.unity3d.player"
5    android:installLocation="auto" >
6
7    <uses-sdk
8        android:minSdkVersion="29"
8-->src\main\AndroidManifest.xml
9        android:targetSdkVersion="32" />
9-->src\main\AndroidManifest.xml
10
11    <uses-permission android:name="android.permission.INTERNET" />
11-->src\main\AndroidManifest.xml:3:3-65
11-->src\main\AndroidManifest.xml:3:20-62
12
13    <uses-feature
13-->src\main\AndroidManifest.xml:4:3-111
14        android:name="android.hardware.vr.headtracking"
14-->src\main\AndroidManifest.xml:4:17-64
15        android:required="true"
15-->src\main\AndroidManifest.xml:4:85-108
16        android:version="1" />
16-->src\main\AndroidManifest.xml:4:65-84
17    <uses-feature android:glEsVersion="0x00030000" />
17-->src\main\AndroidManifest.xml:5:3-52
17-->src\main\AndroidManifest.xml:5:17-49
18    <uses-feature
18-->src\main\AndroidManifest.xml:6:3-91
19        android:name="android.hardware.vulkan.version"
19-->src\main\AndroidManifest.xml:6:17-63
20        android:required="false" />
20-->src\main\AndroidManifest.xml:6:64-88
21    <uses-feature
21-->src\main\AndroidManifest.xml:7:3-88
22        android:name="android.hardware.touchscreen"
22-->src\main\AndroidManifest.xml:7:17-60
23        android:required="false" />
23-->src\main\AndroidManifest.xml:7:61-85
24    <uses-feature
24-->src\main\AndroidManifest.xml:8:3-99
25        android:name="android.hardware.touchscreen.multitouch"
25-->src\main\AndroidManifest.xml:8:17-71
26        android:required="false" />
26-->src\main\AndroidManifest.xml:8:72-96
27    <uses-feature
27-->src\main\AndroidManifest.xml:9:3-108
28        android:name="android.hardware.touchscreen.multitouch.distinct"
28-->src\main\AndroidManifest.xml:9:17-80
29        android:required="false" />
29-->src\main\AndroidManifest.xml:9:81-105
30
31    <uses-permission android:name="com.oculus.permission.USE_ANCHOR_API" />
31-->src\main\AndroidManifest.xml:34:3-74
31-->src\main\AndroidManifest.xml:34:20-71
32
33    <uses-feature
33-->src\main\AndroidManifest.xml:35:3-90
34        android:name="com.oculus.feature.PASSTHROUGH"
34-->src\main\AndroidManifest.xml:35:17-62
35        android:required="false" />
35-->src\main\AndroidManifest.xml:35:63-87
36
37    <uses-permission android:name="com.oculus.permission.USE_SCENE" />
37-->src\main\AndroidManifest.xml:36:3-69
37-->src\main\AndroidManifest.xml:36:20-66
38
39    <application
39-->src\main\AndroidManifest.xml:10:3-33:17
40        android:allowBackup="false"
40-->src\main\AndroidManifest.xml:10:81-108
41        android:extractNativeLibs="true"
41-->src\main\AndroidManifest.xml:10:109-141
42        android:icon="@mipmap/app_icon"
42-->src\main\AndroidManifest.xml:10:49-80
43        android:label="@string/app_name"
43-->src\main\AndroidManifest.xml:10:16-48
44        android:networkSecurityConfig="@xml/network_sec_config" >
44-->src\main\AndroidManifest.xml:10:142-197
45        <meta-data
45-->src\main\AndroidManifest.xml:11:5-89
46            android:name="unityplayer.SkipPermissionsDialog"
46-->src\main\AndroidManifest.xml:11:16-64
47            android:value="false" />
47-->src\main\AndroidManifest.xml:11:65-86
48        <meta-data
48-->src\main\AndroidManifest.xml:12:5-97
49            android:name="com.samsung.android.vr.application.mode"
49-->src\main\AndroidManifest.xml:12:16-70
50            android:value="vr_only" />
50-->src\main\AndroidManifest.xml:12:71-94
51        <meta-data
51-->src\main\AndroidManifest.xml:13:5-86
52            android:name="com.oculus.ossplash.background"
52-->src\main\AndroidManifest.xml:13:16-61
53            android:value="black" />
53-->src\main\AndroidManifest.xml:13:62-83
54        <meta-data
54-->src\main\AndroidManifest.xml:14:5-93
55            android:name="com.oculus.supportedDevices"
55-->src\main\AndroidManifest.xml:14:16-58
56            android:value="quest2|questpro" />
56-->src\main\AndroidManifest.xml:14:59-90
57        <meta-data
57-->src\main\AndroidManifest.xml:15:5-69
58            android:name="unity.splash-mode"
58-->src\main\AndroidManifest.xml:15:16-48
59            android:value="0" />
59-->src\main\AndroidManifest.xml:15:49-66
60        <meta-data
60-->src\main\AndroidManifest.xml:16:5-74
61            android:name="unity.splash-enable"
61-->src\main\AndroidManifest.xml:16:16-50
62            android:value="True" />
62-->src\main\AndroidManifest.xml:16:51-71
63        <meta-data
63-->src\main\AndroidManifest.xml:17:5-78
64            android:name="unity.launch-fullscreen"
64-->src\main\AndroidManifest.xml:17:16-54
65            android:value="True" />
65-->src\main\AndroidManifest.xml:17:55-75
66        <meta-data
66-->src\main\AndroidManifest.xml:18:5-84
67            android:name="unity.allow-resizable-window"
67-->src\main\AndroidManifest.xml:18:16-59
68            android:value="False" />
68-->src\main\AndroidManifest.xml:18:60-81
69        <meta-data
69-->src\main\AndroidManifest.xml:19:5-81
70            android:name="notch.config"
70-->src\main\AndroidManifest.xml:19:16-43
71            android:value="portrait|landscape" />
71-->src\main\AndroidManifest.xml:19:44-78
72        <meta-data
72-->src\main\AndroidManifest.xml:20:5-84
73            android:name="unity.auto-report-fully-drawn"
73-->src\main\AndroidManifest.xml:20:16-60
74            android:value="true" />
74-->src\main\AndroidManifest.xml:20:61-81
75
76        <activity
76-->src\main\AndroidManifest.xml:21:5-29:16
77            android:name="com.unity3d.player.UnityPlayerActivity"
77-->src\main\AndroidManifest.xml:21:222-275
78            android:configChanges="keyboard|keyboardHidden|navigation|orientation|screenLayout|screenSize|uiMode|density"
78-->src\main\AndroidManifest.xml:21:80-189
79            android:excludeFromRecents="true"
79-->src\main\AndroidManifest.xml:21:276-309
80            android:exported="true"
80-->src\main\AndroidManifest.xml:21:310-333
81            android:hardwareAccelerated="false"
81-->src\main\AndroidManifest.xml:21:407-442
82            android:launchMode="singleTask"
82-->src\main\AndroidManifest.xml:21:190-221
83            android:resizeableActivity="false"
83-->src\main\AndroidManifest.xml:21:372-406
84            android:screenOrientation="landscape"
84-->src\main\AndroidManifest.xml:21:334-371
85            android:theme="@android:style/Theme.Black.NoTitleBar.Fullscreen" >
85-->src\main\AndroidManifest.xml:21:15-79
86            <intent-filter>
86-->src\main\AndroidManifest.xml:22:7-26:23
87                <category android:name="android.intent.category.LAUNCHER" />
87-->src\main\AndroidManifest.xml:23:9-69
87-->src\main\AndroidManifest.xml:23:19-66
88                <category android:name="com.oculus.intent.category.VR" />
88-->src\main\AndroidManifest.xml:24:9-66
88-->src\main\AndroidManifest.xml:24:19-63
89
90                <action android:name="android.intent.action.MAIN" />
90-->src\main\AndroidManifest.xml:25:9-61
90-->src\main\AndroidManifest.xml:25:17-58
91            </intent-filter>
92
93            <meta-data
93-->src\main\AndroidManifest.xml:27:7-81
94                android:name="com.oculus.vr.focusaware"
94-->src\main\AndroidManifest.xml:27:18-57
95                android:value="true" />
95-->src\main\AndroidManifest.xml:27:58-78
96            <meta-data
96-->src\main\AndroidManifest.xml:28:7-70
97                android:name="notch_support"
97-->src\main\AndroidManifest.xml:28:18-46
98                android:value="true" />
98-->src\main\AndroidManifest.xml:28:47-67
99        </activity>
100
101        <meta-data
101-->src\main\AndroidManifest.xml:30:5-90
102            android:name="com.unity.xr.oculus.LowOverheadMode"
102-->src\main\AndroidManifest.xml:30:16-66
103            android:value="true" />
103-->src\main\AndroidManifest.xml:30:67-87
104        <meta-data
104-->src\main\AndroidManifest.xml:31:5-88
105            android:name="com.unity.xr.oculus.LateLatching"
105-->src\main\AndroidManifest.xml:31:16-63
106            android:value="false" />
106-->src\main\AndroidManifest.xml:31:64-85
107        <meta-data
107-->src\main\AndroidManifest.xml:32:5-93
108            android:name="com.unity.xr.oculus.LateLatchingDebug"
108-->src\main\AndroidManifest.xml:32:16-68
109            android:value="false" />
109-->src\main\AndroidManifest.xml:32:69-90
110    </application>
111
112</manifest>